0 info it worked if it ends with ok
1 verbose cli [ 'G:\\SoftWare\\NodeJs\\node.exe',
1 verbose cli   'G:\\SoftWare\\NodeJs\\node_modules\\npm\\bin\\npm-cli.js',
1 verbose cli   'install',
1 verbose cli   'bcrypt',
1 verbose cli   '--save' ]
2 info using npm@3.8.9
3 info using node@v6.2.0
4 silly loadCurrentTree Starting
5 silly install loadCurrentTree
6 silly install readLocalPackageData
7 silly fetchPackageMetaData bcrypt
8 silly fetchNamedPackageData bcrypt
9 silly mapToRegistry name bcrypt
10 silly mapToRegistry using default registry
11 silly mapToRegistry registry http://registry.npmjs.org/
12 silly mapToRegistry data Result {
12 silly mapToRegistry   raw: 'bcrypt',
12 silly mapToRegistry   scope: null,
12 silly mapToRegistry   name: 'bcrypt',
12 silly mapToRegistry   rawSpec: '',
12 silly mapToRegistry   spec: 'latest',
12 silly mapToRegistry   type: 'tag' }
13 silly mapToRegistry uri http://registry.npmjs.org/bcrypt
14 verbose request uri http://registry.npmjs.org/bcrypt
15 verbose request no auth needed
16 info attempt registry request try #1 at 23:01:04
17 verbose request id eca5fdf555cd5073
18 http request GET http://registry.npmjs.org/bcrypt
19 http 200 http://registry.npmjs.org/bcrypt
20 verbose headers { server: 'CouchDB/1.6.1 (Erlang OTP/R16B03)',
20 verbose headers   etag: '"2DT1M52LQCJ85OPJBWBERQK0S"',
20 verbose headers   'content-type': 'application/json',
20 verbose headers   'content-encoding': 'gzip',
20 verbose headers   'cache-control': 'max-age=300',
20 verbose headers   'content-length': '11747',
20 verbose headers   'accept-ranges': 'bytes',
20 verbose headers   date: 'Tue, 05 Jul 2016 15:01:04 GMT',
20 verbose headers   via: '1.1 varnish',
20 verbose headers   age: '0',
20 verbose headers   connection: 'keep-alive',
20 verbose headers   'x-served-by': 'cache-hkg6822-HKG',
20 verbose headers   'x-cache': 'HIT',
20 verbose headers   'x-cache-hits': '1',
20 verbose headers   'x-timer': 'S1467730864.215944,VS0,VE234',
20 verbose headers   vary: 'Accept-Encoding' }
21 silly get cb [ 200,
21 silly get   { server: 'CouchDB/1.6.1 (Erlang OTP/R16B03)',
21 silly get     etag: '"2DT1M52LQCJ85OPJBWBERQK0S"',
21 silly get     'content-type': 'application/json',
21 silly get     'content-encoding': 'gzip',
21 silly get     'cache-control': 'max-age=300',
21 silly get     'content-length': '11747',
21 silly get     'accept-ranges': 'bytes',
21 silly get     date: 'Tue, 05 Jul 2016 15:01:04 GMT',
21 silly get     via: '1.1 varnish',
21 silly get     age: '0',
21 silly get     connection: 'keep-alive',
21 silly get     'x-served-by': 'cache-hkg6822-HKG',
21 silly get     'x-cache': 'HIT',
21 silly get     'x-cache-hits': '1',
21 silly get     'x-timer': 'S1467730864.215944,VS0,VE234',
21 silly get     vary: 'Accept-Encoding' } ]
22 verbose get saving bcrypt to C:\Users\vritser\AppData\Roaming\npm-cache\registry.npmjs.org\bcrypt\.cache.json
23 verbose correctMkdir C:\Users\vritser\AppData\Roaming\npm-cache correctMkdir not in flight; initializing
24 silly install normalizeTree
25 silly loadCurrentTree Finishing
26 silly loadIdealTree Starting
27 silly install loadIdealTree
28 silly cloneCurrentTree Starting
29 silly install cloneCurrentTreeToIdealTree
30 silly cloneCurrentTree Finishing
31 silly loadShrinkwrap Starting
32 silly install loadShrinkwrap
33 silly loadShrinkwrap Finishing
34 silly loadAllDepsIntoIdealTree Starting
35 silly install loadAllDepsIntoIdealTree
36 silly resolveWithNewModule bcrypt@0.8.7 checking installable status
37 silly cache add args [ 'bcrypt', null ]
38 verbose cache add spec bcrypt
39 silly cache add parsed spec Result {
39 silly cache add   raw: 'bcrypt',
39 silly cache add   scope: null,
39 silly cache add   name: 'bcrypt',
39 silly cache add   rawSpec: '',
39 silly cache add   spec: 'latest',
39 silly cache add   type: 'tag' }
40 silly addNamed bcrypt@latest
41 verbose addNamed "latest" is being treated as a dist-tag for bcrypt
42 info addNameTag [ 'bcrypt', 'latest' ]
43 silly mapToRegistry name bcrypt
44 silly mapToRegistry using default registry
45 silly mapToRegistry registry http://registry.npmjs.org/
46 silly mapToRegistry data Result {
46 silly mapToRegistry   raw: 'bcrypt',
46 silly mapToRegistry   scope: null,
46 silly mapToRegistry   name: 'bcrypt',
46 silly mapToRegistry   rawSpec: '',
46 silly mapToRegistry   spec: 'latest',
46 silly mapToRegistry   type: 'tag' }
47 silly mapToRegistry uri http://registry.npmjs.org/bcrypt
48 verbose addNameTag registry:http://registry.npmjs.org/bcrypt not in flight; fetching
49 verbose get http://registry.npmjs.org/bcrypt not expired, no request
50 silly addNameTag next cb for bcrypt with tag latest
51 silly addNamed bcrypt@0.8.7
52 verbose addNamed "0.8.7" is a plain semver version for bcrypt
53 silly cache afterAdd bcrypt@0.8.7
54 verbose afterAdd C:\Users\vritser\AppData\Roaming\npm-cache\bcrypt\0.8.7\package\package.json not in flight; writing
55 verbose correctMkdir C:\Users\vritser\AppData\Roaming\npm-cache correctMkdir not in flight; initializing
56 verbose afterAdd C:\Users\vritser\AppData\Roaming\npm-cache\bcrypt\0.8.7\package\package.json written
57 silly fetchNamedPackageData bindings
58 silly mapToRegistry name bindings
59 silly mapToRegistry using default registry
60 silly mapToRegistry registry http://registry.npmjs.org/
61 silly mapToRegistry data Result {
61 silly mapToRegistry   raw: 'bindings',
61 silly mapToRegistry   scope: null,
61 silly mapToRegistry   name: 'bindings',
61 silly mapToRegistry   rawSpec: '',
61 silly mapToRegistry   spec: 'latest',
61 silly mapToRegistry   type: 'tag' }
62 silly mapToRegistry uri http://registry.npmjs.org/bindings
63 silly fetchNamedPackageData nan
64 silly mapToRegistry name nan
65 silly mapToRegistry using default registry
66 silly mapToRegistry registry http://registry.npmjs.org/
67 silly mapToRegistry data Result {
67 silly mapToRegistry   raw: 'nan',
67 silly mapToRegistry   scope: null,
67 silly mapToRegistry   name: 'nan',
67 silly mapToRegistry   rawSpec: '',
67 silly mapToRegistry   spec: 'latest',
67 silly mapToRegistry   type: 'tag' }
68 silly mapToRegistry uri http://registry.npmjs.org/nan
69 verbose request uri http://registry.npmjs.org/bindings
70 verbose request no auth needed
71 info attempt registry request try #1 at 23:01:05
72 http request GET http://registry.npmjs.org/bindings
73 verbose request uri http://registry.npmjs.org/nan
74 verbose request no auth needed
75 info attempt registry request try #1 at 23:01:05
76 http request GET http://registry.npmjs.org/nan
77 http 200 http://registry.npmjs.org/bindings
78 verbose headers { server: 'CouchDB/1.5.0 (Erlang OTP/R16B03)',
78 verbose headers   etag: '"33TX4J3DNTGF7K41ZUV6OA182"',
78 verbose headers   'content-type': 'application/json',
78 verbose headers   'content-encoding': 'gzip',
78 verbose headers   'cache-control': 'max-age=300',
78 verbose headers   'content-length': '3804',
78 verbose headers   'accept-ranges': 'bytes',
78 verbose headers   date: 'Tue, 05 Jul 2016 15:01:05 GMT',
78 verbose headers   via: '1.1 varnish',
78 verbose headers   age: '83',
78 verbose headers   connection: 'keep-alive',
78 verbose headers   'x-served-by': 'cache-hkg6822-HKG',
78 verbose headers   'x-cache': 'HIT',
78 verbose headers   'x-cache-hits': '74',
78 verbose headers   'x-timer': 'S1467730865.017306,VS0,VE0',
78 verbose headers   vary: 'Accept-Encoding' }
79 silly get cb [ 200,
79 silly get   { server: 'CouchDB/1.5.0 (Erlang OTP/R16B03)',
79 silly get     etag: '"33TX4J3DNTGF7K41ZUV6OA182"',
79 silly get     'content-type': 'application/json',
79 silly get     'content-encoding': 'gzip',
79 silly get     'cache-control': 'max-age=300',
79 silly get     'content-length': '3804',
79 silly get     'accept-ranges': 'bytes',
79 silly get     date: 'Tue, 05 Jul 2016 15:01:05 GMT',
79 silly get     via: '1.1 varnish',
79 silly get     age: '83',
79 silly get     connection: 'keep-alive',
79 silly get     'x-served-by': 'cache-hkg6822-HKG',
79 silly get     'x-cache': 'HIT',
79 silly get     'x-cache-hits': '74',
79 silly get     'x-timer': 'S1467730865.017306,VS0,VE0',
79 silly get     vary: 'Accept-Encoding' } ]
80 verbose get saving bindings to C:\Users\vritser\AppData\Roaming\npm-cache\registry.npmjs.org\bindings\.cache.json
81 verbose correctMkdir C:\Users\vritser\AppData\Roaming\npm-cache correctMkdir not in flight; initializing
82 silly resolveWithNewModule bindings@1.2.1 checking installable status
83 silly cache add args [ 'bindings@1.2.1', null ]
84 verbose cache add spec bindings@1.2.1
85 silly cache add parsed spec Result {
85 silly cache add   raw: 'bindings@1.2.1',
85 silly cache add   scope: null,
85 silly cache add   name: 'bindings',
85 silly cache add   rawSpec: '1.2.1',
85 silly cache add   spec: '1.2.1',
85 silly cache add   type: 'version' }
86 silly addNamed bindings@1.2.1
87 verbose addNamed "1.2.1" is a plain semver version for bindings
88 silly mapToRegistry name bindings
89 silly mapToRegistry using default registry
90 silly mapToRegistry registry http://registry.npmjs.org/
91 silly mapToRegistry data Result {
91 silly mapToRegistry   raw: 'bindings',
91 silly mapToRegistry   scope: null,
91 silly mapToRegistry   name: 'bindings',
91 silly mapToRegistry   rawSpec: '',
91 silly mapToRegistry   spec: 'latest',
91 silly mapToRegistry   type: 'tag' }
92 silly mapToRegistry uri http://registry.npmjs.org/bindings
93 verbose addNameVersion registry:http://registry.npmjs.org/bindings not in flight; fetching
94 verbose get http://registry.npmjs.org/bindings not expired, no request
95 silly cache afterAdd bindings@1.2.1
96 verbose afterAdd C:\Users\vritser\AppData\Roaming\npm-cache\bindings\1.2.1\package\package.json not in flight; writing
97 verbose correctMkdir C:\Users\vritser\AppData\Roaming\npm-cache correctMkdir not in flight; initializing
98 verbose afterAdd C:\Users\vritser\AppData\Roaming\npm-cache\bindings\1.2.1\package\package.json written
99 http 200 http://registry.npmjs.org/nan
100 verbose headers { server: 'CouchDB/1.5.0 (Erlang OTP/R16B03)',
100 verbose headers   etag: '"12RFHNMU7CS3WJ1892HQLM0NB"',
100 verbose headers   'content-type': 'application/json',
100 verbose headers   'content-encoding': 'gzip',
100 verbose headers   'cache-control': 'max-age=300',
100 verbose headers   'content-length': '16964',
100 verbose headers   'accept-ranges': 'bytes',
100 verbose headers   date: 'Tue, 05 Jul 2016 15:01:05 GMT',
100 verbose headers   via: '1.1 varnish',
100 verbose headers   age: '279',
100 verbose headers   connection: 'keep-alive',
100 verbose headers   'x-served-by': 'cache-hkg6820-HKG',
100 verbose headers   'x-cache': 'HIT',
100 verbose headers   'x-cache-hits': '4',
100 verbose headers   'x-timer': 'S1467730865.134275,VS0,VE0',
100 verbose headers   vary: 'Accept-Encoding' }
101 silly get cb [ 200,
101 silly get   { server: 'CouchDB/1.5.0 (Erlang OTP/R16B03)',
101 silly get     etag: '"12RFHNMU7CS3WJ1892HQLM0NB"',
101 silly get     'content-type': 'application/json',
101 silly get     'content-encoding': 'gzip',
101 silly get     'cache-control': 'max-age=300',
101 silly get     'content-length': '16964',
101 silly get     'accept-ranges': 'bytes',
101 silly get     date: 'Tue, 05 Jul 2016 15:01:05 GMT',
101 silly get     via: '1.1 varnish',
101 silly get     age: '279',
101 silly get     connection: 'keep-alive',
101 silly get     'x-served-by': 'cache-hkg6820-HKG',
101 silly get     'x-cache': 'HIT',
101 silly get     'x-cache-hits': '4',
101 silly get     'x-timer': 'S1467730865.134275,VS0,VE0',
101 silly get     vary: 'Accept-Encoding' } ]
102 verbose get saving nan to C:\Users\vritser\AppData\Roaming\npm-cache\registry.npmjs.org\nan\.cache.json
103 verbose correctMkdir C:\Users\vritser\AppData\Roaming\npm-cache correctMkdir not in flight; initializing
104 silly resolveWithNewModule nan@2.3.5 checking installable status
105 silly cache add args [ 'nan@2.3.5', null ]
106 verbose cache add spec nan@2.3.5
107 silly cache add parsed spec Result {
107 silly cache add   raw: 'nan@2.3.5',
107 silly cache add   scope: null,
107 silly cache add   name: 'nan',
107 silly cache add   rawSpec: '2.3.5',
107 silly cache add   spec: '2.3.5',
107 silly cache add   type: 'version' }
108 silly addNamed nan@2.3.5
109 verbose addNamed "2.3.5" is a plain semver version for nan
110 silly mapToRegistry name nan
111 silly mapToRegistry using default registry
112 silly mapToRegistry registry http://registry.npmjs.org/
113 silly mapToRegistry data Result {
113 silly mapToRegistry   raw: 'nan',
113 silly mapToRegistry   scope: null,
113 silly mapToRegistry   name: 'nan',
113 silly mapToRegistry   rawSpec: '',
113 silly mapToRegistry   spec: 'latest',
113 silly mapToRegistry   type: 'tag' }
114 silly mapToRegistry uri http://registry.npmjs.org/nan
115 verbose addNameVersion registry:http://registry.npmjs.org/nan not in flight; fetching
116 verbose get http://registry.npmjs.org/nan not expired, no request
117 silly cache afterAdd nan@2.3.5
118 verbose afterAdd C:\Users\vritser\AppData\Roaming\npm-cache\nan\2.3.5\package\package.json not in flight; writing
119 verbose correctMkdir C:\Users\vritser\AppData\Roaming\npm-cache correctMkdir not in flight; initializing
120 verbose afterAdd C:\Users\vritser\AppData\Roaming\npm-cache\nan\2.3.5\package\package.json written
121 silly loadAllDepsIntoIdealTree Finishing
122 silly idealTree:prePrune express4@0.0.0
122 silly idealTree:prePrune +-- accepts@1.2.13
122 silly idealTree:prePrune +-- acorn-globals@1.0.9
122 silly idealTree:prePrune +-- acorn@2.7.0
122 silly idealTree:prePrune +-- align-text@0.1.4
122 silly idealTree:prePrune +-- amdefine@1.0.0
122 silly idealTree:prePrune +-- array-flatten@1.1.1
122 silly idealTree:prePrune +-- asap@1.0.0
122 silly idealTree:prePrune +-- async@0.2.10
122 silly idealTree:prePrune +-- base64-url@1.2.1
122 silly idealTree:prePrune +-- basic-auth@1.0.4
122 silly idealTree:prePrune +-- bcrypt@0.8.7
122 silly idealTree:prePrune +-- bindings@1.2.1
122 silly idealTree:prePrune +-- bluebird@2.10.2
122 silly idealTree:prePrune +-- body-parser@1.15.2
122 silly idealTree:prePrune +-- bson@0.4.23
122 silly idealTree:prePrune +-- bytes@2.4.0
122 silly idealTree:prePrune +-- camelcase@1.2.1
122 silly idealTree:prePrune +-- center-align@0.1.3
122 silly idealTree:prePrune +-- character-parser@1.2.1
122 silly idealTree:prePrune +-- clean-css@3.4.18
122 silly idealTree:prePrune | `-- commander@2.8.1
122 silly idealTree:prePrune +-- cliui@2.1.0
122 silly idealTree:prePrune | `-- wordwrap@0.0.2
122 silly idealTree:prePrune +-- commander@2.6.0
122 silly idealTree:prePrune +-- connect-redis@3.1.0
122 silly idealTree:prePrune +-- constantinople@3.0.2
122 silly idealTree:prePrune +-- content-disposition@0.5.1
122 silly idealTree:prePrune +-- content-type@1.0.2
122 silly idealTree:prePrune +-- cookie-parser@1.4.3
122 silly idealTree:prePrune +-- cookie-signature@1.0.6
122 silly idealTree:prePrune +-- cookie@0.3.1
122 silly idealTree:prePrune +-- core-util-is@1.0.2
122 silly idealTree:prePrune +-- crc@3.4.0
122 silly idealTree:prePrune +-- css-parse@1.0.4
122 silly idealTree:prePrune +-- css-stringify@1.0.5
122 silly idealTree:prePrune +-- css@1.0.8
122 silly idealTree:prePrune +-- debug@2.2.0
122 silly idealTree:prePrune +-- decamelize@1.2.0
122 silly idealTree:prePrune +-- depd@1.1.0
122 silly idealTree:prePrune +-- destroy@1.0.4
122 silly idealTree:prePrune +-- double-ended-queue@2.1.0-0
122 silly idealTree:prePrune +-- ee-first@1.1.1
122 silly idealTree:prePrune +-- ejs@2.4.2
122 silly idealTree:prePrune +-- es6-promise@3.0.2
122 silly idealTree:prePrune +-- escape-html@1.0.3
122 silly idealTree:prePrune +-- etag@1.7.0
122 silly idealTree:prePrune +-- express-session@1.13.0
122 silly idealTree:prePrune | `-- cookie@0.2.3
122 silly idealTree:prePrune +-- express@4.13.4
122 silly idealTree:prePrune | +-- cookie@0.1.5
122 silly idealTree:prePrune | `-- qs@4.0.0
122 silly idealTree:prePrune +-- finalhandler@0.4.1
122 silly idealTree:prePrune +-- forwarded@0.1.0
122 silly idealTree:prePrune +-- fresh@0.3.0
122 silly idealTree:prePrune +-- graceful-readlink@1.0.1
122 silly idealTree:prePrune +-- hooks-fixed@1.1.0
122 silly idealTree:prePrune +-- http-errors@1.5.0
122 silly idealTree:prePrune +-- iconv-lite@0.4.13
122 silly idealTree:prePrune +-- inherits@2.0.1
122 silly idealTree:prePrune +-- ipaddr.js@1.0.5
122 silly idealTree:prePrune +-- is-buffer@1.1.3
122 silly idealTree:prePrune +-- is-promise@2.1.0
122 silly idealTree:prePrune +-- isarray@0.0.1
122 silly idealTree:prePrune +-- jade@1.11.0
122 silly idealTree:prePrune +-- jstransformer@0.0.2
122 silly idealTree:prePrune +-- kareem@1.1.0
122 silly idealTree:prePrune +-- kind-of@3.0.3
122 silly idealTree:prePrune +-- lazy-cache@1.0.4
122 silly idealTree:prePrune +-- longest@1.0.1
122 silly idealTree:prePrune +-- media-typer@0.3.0
122 silly idealTree:prePrune +-- merge-descriptors@1.0.1
122 silly idealTree:prePrune +-- methods@1.1.2
122 silly idealTree:prePrune +-- mime-db@1.23.0
122 silly idealTree:prePrune +-- mime-types@2.1.11
122 silly idealTree:prePrune +-- mime@1.3.4
122 silly idealTree:prePrune +-- minimist@0.0.8
122 silly idealTree:prePrune +-- mkdirp@0.5.1
122 silly idealTree:prePrune +-- mongodb-core@1.3.18
122 silly idealTree:prePrune +-- mongodb@2.1.18
122 silly idealTree:prePrune +-- mongoose@4.5.2
122 silly idealTree:prePrune | `-- async@1.5.2
122 silly idealTree:prePrune +-- morgan@1.7.0
122 silly idealTree:prePrune +-- mpath@0.2.1
122 silly idealTree:prePrune +-- mpromise@0.5.5
122 silly idealTree:prePrune +-- mquery@1.11.0
122 silly idealTree:prePrune | `-- sliced@0.0.5
122 silly idealTree:prePrune +-- ms@0.7.1
122 silly idealTree:prePrune +-- muri@1.1.0
122 silly idealTree:prePrune +-- nan@2.3.5
122 silly idealTree:prePrune +-- negotiator@0.5.3
122 silly idealTree:prePrune +-- on-finished@2.3.0
122 silly idealTree:prePrune +-- on-headers@1.0.1
122 silly idealTree:prePrune +-- optimist@0.3.7
122 silly idealTree:prePrune +-- parseurl@1.3.1
122 silly idealTree:prePrune +-- path-to-regexp@0.1.7
122 silly idealTree:prePrune +-- promise@6.1.0
122 silly idealTree:prePrune +-- proxy-addr@1.0.10
122 silly idealTree:prePrune +-- qs@6.2.0
122 silly idealTree:prePrune +-- range-parser@1.0.3
122 silly idealTree:prePrune +-- raw-body@2.1.7
122 silly idealTree:prePrune +-- readable-stream@1.0.31
122 silly idealTree:prePrune +-- redis-commands@1.2.0
122 silly idealTree:prePrune +-- redis-parser@2.0.3
122 silly idealTree:prePrune +-- redis@2.6.2
122 silly idealTree:prePrune +-- regexp-clone@0.0.1
122 silly idealTree:prePrune +-- repeat-string@1.5.4
122 silly idealTree:prePrune +-- require_optional@1.0.0
122 silly idealTree:prePrune +-- resolve-from@2.0.0
122 silly idealTree:prePrune +-- right-align@0.1.3
122 silly idealTree:prePrune +-- semver@5.1.1
122 silly idealTree:prePrune +-- send@0.13.1
122 silly idealTree:prePrune | +-- http-errors@1.3.1
122 silly idealTree:prePrune | `-- statuses@1.2.1
122 silly idealTree:prePrune +-- serve-favicon@2.3.0
122 silly idealTree:prePrune +-- serve-static@1.10.3
122 silly idealTree:prePrune | +-- http-errors@1.3.1
122 silly idealTree:prePrune | +-- send@0.13.2
122 silly idealTree:prePrune | `-- statuses@1.2.1
122 silly idealTree:prePrune +-- setprototypeof@1.0.1
122 silly idealTree:prePrune +-- sliced@1.0.1
122 silly idealTree:prePrune +-- source-map@0.4.4
122 silly idealTree:prePrune +-- statuses@1.3.0
122 silly idealTree:prePrune +-- string_decoder@0.10.31
122 silly idealTree:prePrune +-- transformers@2.1.0
122 silly idealTree:prePrune | +-- is-promise@1.0.1
122 silly idealTree:prePrune | +-- promise@2.0.0
122 silly idealTree:prePrune | +-- source-map@0.1.43
122 silly idealTree:prePrune | `-- uglify-js@2.2.5
122 silly idealTree:prePrune +-- type-is@1.6.13
122 silly idealTree:prePrune +-- uglify-js@2.6.4
122 silly idealTree:prePrune | `-- source-map@0.5.6
122 silly idealTree:prePrune +-- uglify-to-browserify@1.0.2
122 silly idealTree:prePrune +-- uid-safe@2.0.0
122 silly idealTree:prePrune +-- unpipe@1.0.0
122 silly idealTree:prePrune +-- utils-merge@1.0.0
122 silly idealTree:prePrune +-- vary@1.0.1
122 silly idealTree:prePrune +-- void-elements@2.0.1
122 silly idealTree:prePrune +-- window-size@0.1.0
122 silly idealTree:prePrune +-- with@4.0.3
122 silly idealTree:prePrune | `-- acorn@1.2.2
122 silly idealTree:prePrune +-- wordwrap@0.0.3
122 silly idealTree:prePrune `-- yargs@3.10.0
123 silly loadIdealTree Finishing
124 silly currentTree express4@0.0.0
124 silly currentTree +-- accepts@1.2.13
124 silly currentTree +-- acorn-globals@1.0.9
124 silly currentTree +-- acorn@2.7.0
124 silly currentTree +-- align-text@0.1.4
124 silly currentTree +-- amdefine@1.0.0
124 silly currentTree +-- array-flatten@1.1.1
124 silly currentTree +-- asap@1.0.0
124 silly currentTree +-- async@0.2.10
124 silly currentTree +-- base64-url@1.2.1
124 silly currentTree +-- basic-auth@1.0.4
124 silly currentTree +-- bluebird@2.10.2
124 silly currentTree +-- body-parser@1.15.2
124 silly currentTree +-- bson@0.4.23
124 silly currentTree +-- bytes@2.4.0
124 silly currentTree +-- camelcase@1.2.1
124 silly currentTree +-- center-align@0.1.3
124 silly currentTree +-- character-parser@1.2.1
124 silly currentTree +-- clean-css@3.4.18
124 silly currentTree | `-- commander@2.8.1
124 silly currentTree +-- cliui@2.1.0
124 silly currentTree | `-- wordwrap@0.0.2
124 silly currentTree +-- commander@2.6.0
124 silly currentTree +-- connect-redis@3.1.0
124 silly currentTree +-- constantinople@3.0.2
124 silly currentTree +-- content-disposition@0.5.1
124 silly currentTree +-- content-type@1.0.2
124 silly currentTree +-- cookie-parser@1.4.3
124 silly currentTree +-- cookie-signature@1.0.6
124 silly currentTree +-- cookie@0.3.1
124 silly currentTree +-- core-util-is@1.0.2
124 silly currentTree +-- crc@3.4.0
124 silly currentTree +-- css-parse@1.0.4
124 silly currentTree +-- css-stringify@1.0.5
124 silly currentTree +-- css@1.0.8
124 silly currentTree +-- debug@2.2.0
124 silly currentTree +-- decamelize@1.2.0
124 silly currentTree +-- depd@1.1.0
124 silly currentTree +-- destroy@1.0.4
124 silly currentTree +-- double-ended-queue@2.1.0-0
124 silly currentTree +-- ee-first@1.1.1
124 silly currentTree +-- ejs@2.4.2
124 silly currentTree +-- es6-promise@3.0.2
124 silly currentTree +-- escape-html@1.0.3
124 silly currentTree +-- etag@1.7.0
124 silly currentTree +-- express-session@1.13.0
124 silly currentTree | `-- cookie@0.2.3
124 silly currentTree +-- express@4.13.4
124 silly currentTree | +-- cookie@0.1.5
124 silly currentTree | `-- qs@4.0.0
124 silly currentTree +-- finalhandler@0.4.1
124 silly currentTree +-- forwarded@0.1.0
124 silly currentTree +-- fresh@0.3.0
124 silly currentTree +-- graceful-readlink@1.0.1
124 silly currentTree +-- hooks-fixed@1.1.0
124 silly currentTree +-- http-errors@1.5.0
124 silly currentTree +-- iconv-lite@0.4.13
124 silly currentTree +-- inherits@2.0.1
124 silly currentTree +-- ipaddr.js@1.0.5
124 silly currentTree +-- is-buffer@1.1.3
124 silly currentTree +-- is-promise@2.1.0
124 silly currentTree +-- isarray@0.0.1
124 silly currentTree +-- jade@1.11.0
124 silly currentTree +-- jstransformer@0.0.2
124 silly currentTree +-- kareem@1.1.0
124 silly currentTree +-- kind-of@3.0.3
124 silly currentTree +-- lazy-cache@1.0.4
124 silly currentTree +-- longest@1.0.1
124 silly currentTree +-- media-typer@0.3.0
124 silly currentTree +-- merge-descriptors@1.0.1
124 silly currentTree +-- methods@1.1.2
124 silly currentTree +-- mime-db@1.23.0
124 silly currentTree +-- mime-types@2.1.11
124 silly currentTree +-- mime@1.3.4
124 silly currentTree +-- minimist@0.0.8
124 silly currentTree +-- mkdirp@0.5.1
124 silly currentTree +-- mongodb-core@1.3.18
124 silly currentTree +-- mongodb@2.1.18
124 silly currentTree +-- mongoose@4.5.2
124 silly currentTree | `-- async@1.5.2
124 silly currentTree +-- morgan@1.7.0
124 silly currentTree +-- mpath@0.2.1
124 silly currentTree +-- mpromise@0.5.5
124 silly currentTree +-- mquery@1.11.0
124 silly currentTree | `-- sliced@0.0.5
124 silly currentTree +-- ms@0.7.1
124 silly currentTree +-- muri@1.1.0
124 silly currentTree +-- negotiator@0.5.3
124 silly currentTree +-- on-finished@2.3.0
124 silly currentTree +-- on-headers@1.0.1
124 silly currentTree +-- optimist@0.3.7
124 silly currentTree +-- parseurl@1.3.1
124 silly currentTree +-- path-to-regexp@0.1.7
124 silly currentTree +-- promise@6.1.0
124 silly currentTree +-- proxy-addr@1.0.10
124 silly currentTree +-- qs@6.2.0
124 silly currentTree +-- range-parser@1.0.3
124 silly currentTree +-- raw-body@2.1.7
124 silly currentTree +-- readable-stream@1.0.31
124 silly currentTree +-- redis-commands@1.2.0
124 silly currentTree +-- redis-parser@2.0.3
124 silly currentTree +-- redis@2.6.2
124 silly currentTree +-- regexp-clone@0.0.1
124 silly currentTree +-- repeat-string@1.5.4
124 silly currentTree +-- require_optional@1.0.0
124 silly currentTree +-- resolve-from@2.0.0
124 silly currentTree +-- right-align@0.1.3
124 silly currentTree +-- semver@5.1.1
124 silly currentTree +-- send@0.13.1
124 silly currentTree | +-- http-errors@1.3.1
124 silly currentTree | `-- statuses@1.2.1
124 silly currentTree +-- serve-favicon@2.3.0
124 silly currentTree +-- serve-static@1.10.3
124 silly currentTree | +-- http-errors@1.3.1
124 silly currentTree | +-- send@0.13.2
124 silly currentTree | `-- statuses@1.2.1
124 silly currentTree +-- setprototypeof@1.0.1
124 silly currentTree +-- sliced@1.0.1
124 silly currentTree +-- source-map@0.4.4
124 silly currentTree +-- statuses@1.3.0
124 silly currentTree +-- string_decoder@0.10.31
124 silly currentTree +-- transformers@2.1.0
124 silly currentTree | +-- is-promise@1.0.1
124 silly currentTree | +-- promise@2.0.0
124 silly currentTree | +-- source-map@0.1.43
124 silly currentTree | `-- uglify-js@2.2.5
124 silly currentTree +-- type-is@1.6.13
124 silly currentTree +-- uglify-js@2.6.4
124 silly currentTree | `-- source-map@0.5.6
124 silly currentTree +-- uglify-to-browserify@1.0.2
124 silly currentTree +-- uid-safe@2.0.0
124 silly currentTree +-- unpipe@1.0.0
124 silly currentTree +-- utils-merge@1.0.0
124 silly currentTree +-- vary@1.0.1
124 silly currentTree +-- void-elements@2.0.1
124 silly currentTree +-- window-size@0.1.0
124 silly currentTree +-- with@4.0.3
124 silly currentTree | `-- acorn@1.2.2
124 silly currentTree +-- wordwrap@0.0.3
124 silly currentTree `-- yargs@3.10.0
125 silly idealTree express4@0.0.0
125 silly idealTree +-- accepts@1.2.13
125 silly idealTree +-- acorn-globals@1.0.9
125 silly idealTree +-- acorn@2.7.0
125 silly idealTree +-- align-text@0.1.4
125 silly idealTree +-- amdefine@1.0.0
125 silly idealTree +-- array-flatten@1.1.1
125 silly idealTree +-- asap@1.0.0
125 silly idealTree +-- async@0.2.10
125 silly idealTree +-- base64-url@1.2.1
125 silly idealTree +-- basic-auth@1.0.4
125 silly idealTree +-- bcrypt@0.8.7
125 silly idealTree +-- bindings@1.2.1
125 silly idealTree +-- bluebird@2.10.2
125 silly idealTree +-- body-parser@1.15.2
125 silly idealTree +-- bson@0.4.23
125 silly idealTree +-- bytes@2.4.0
125 silly idealTree +-- camelcase@1.2.1
125 silly idealTree +-- center-align@0.1.3
125 silly idealTree +-- character-parser@1.2.1
125 silly idealTree +-- clean-css@3.4.18
125 silly idealTree | `-- commander@2.8.1
125 silly idealTree +-- cliui@2.1.0
125 silly idealTree | `-- wordwrap@0.0.2
125 silly idealTree +-- commander@2.6.0
125 silly idealTree +-- connect-redis@3.1.0
125 silly idealTree +-- constantinople@3.0.2
125 silly idealTree +-- content-disposition@0.5.1
125 silly idealTree +-- content-type@1.0.2
125 silly idealTree +-- cookie-parser@1.4.3
125 silly idealTree +-- cookie-signature@1.0.6
125 silly idealTree +-- cookie@0.3.1
125 silly idealTree +-- core-util-is@1.0.2
125 silly idealTree +-- crc@3.4.0
125 silly idealTree +-- css-parse@1.0.4
125 silly idealTree +-- css-stringify@1.0.5
125 silly idealTree +-- css@1.0.8
125 silly idealTree +-- debug@2.2.0
125 silly idealTree +-- decamelize@1.2.0
125 silly idealTree +-- depd@1.1.0
125 silly idealTree +-- destroy@1.0.4
125 silly idealTree +-- double-ended-queue@2.1.0-0
125 silly idealTree +-- ee-first@1.1.1
125 silly idealTree +-- ejs@2.4.2
125 silly idealTree +-- es6-promise@3.0.2
125 silly idealTree +-- escape-html@1.0.3
125 silly idealTree +-- etag@1.7.0
125 silly idealTree +-- express-session@1.13.0
125 silly idealTree | `-- cookie@0.2.3
125 silly idealTree +-- express@4.13.4
125 silly idealTree | +-- cookie@0.1.5
125 silly idealTree | `-- qs@4.0.0
125 silly idealTree +-- finalhandler@0.4.1
125 silly idealTree +-- forwarded@0.1.0
125 silly idealTree +-- fresh@0.3.0
125 silly idealTree +-- graceful-readlink@1.0.1
125 silly idealTree +-- hooks-fixed@1.1.0
125 silly idealTree +-- http-errors@1.5.0
125 silly idealTree +-- iconv-lite@0.4.13
125 silly idealTree +-- inherits@2.0.1
125 silly idealTree +-- ipaddr.js@1.0.5
125 silly idealTree +-- is-buffer@1.1.3
125 silly idealTree +-- is-promise@2.1.0
125 silly idealTree +-- isarray@0.0.1
125 silly idealTree +-- jade@1.11.0
125 silly idealTree +-- jstransformer@0.0.2
125 silly idealTree +-- kareem@1.1.0
125 silly idealTree +-- kind-of@3.0.3
125 silly idealTree +-- lazy-cache@1.0.4
125 silly idealTree +-- longest@1.0.1
125 silly idealTree +-- media-typer@0.3.0
125 silly idealTree +-- merge-descriptors@1.0.1
125 silly idealTree +-- methods@1.1.2
125 silly idealTree +-- mime-db@1.23.0
125 silly idealTree +-- mime-types@2.1.11
125 silly idealTree +-- mime@1.3.4
125 silly idealTree +-- minimist@0.0.8
125 silly idealTree +-- mkdirp@0.5.1
125 silly idealTree +-- mongodb-core@1.3.18
125 silly idealTree +-- mongodb@2.1.18
125 silly idealTree +-- mongoose@4.5.2
125 silly idealTree | `-- async@1.5.2
125 silly idealTree +-- morgan@1.7.0
125 silly idealTree +-- mpath@0.2.1
125 silly idealTree +-- mpromise@0.5.5
125 silly idealTree +-- mquery@1.11.0
125 silly idealTree | `-- sliced@0.0.5
125 silly idealTree +-- ms@0.7.1
125 silly idealTree +-- muri@1.1.0
125 silly idealTree +-- nan@2.3.5
125 silly idealTree +-- negotiator@0.5.3
125 silly idealTree +-- on-finished@2.3.0
125 silly idealTree +-- on-headers@1.0.1
125 silly idealTree +-- optimist@0.3.7
125 silly idealTree +-- parseurl@1.3.1
125 silly idealTree +-- path-to-regexp@0.1.7
125 silly idealTree +-- promise@6.1.0
125 silly idealTree +-- proxy-addr@1.0.10
125 silly idealTree +-- qs@6.2.0
125 silly idealTree +-- range-parser@1.0.3
125 silly idealTree +-- raw-body@2.1.7
125 silly idealTree +-- readable-stream@1.0.31
125 silly idealTree +-- redis-commands@1.2.0
125 silly idealTree +-- redis-parser@2.0.3
125 silly idealTree +-- redis@2.6.2
125 silly idealTree +-- regexp-clone@0.0.1
125 silly idealTree +-- repeat-string@1.5.4
125 silly idealTree +-- require_optional@1.0.0
125 silly idealTree +-- resolve-from@2.0.0
125 silly idealTree +-- right-align@0.1.3
125 silly idealTree +-- semver@5.1.1
125 silly idealTree +-- send@0.13.1
125 silly idealTree | +-- http-errors@1.3.1
125 silly idealTree | `-- statuses@1.2.1
125 silly idealTree +-- serve-favicon@2.3.0
125 silly idealTree +-- serve-static@1.10.3
125 silly idealTree | +-- http-errors@1.3.1
125 silly idealTree | +-- send@0.13.2
125 silly idealTree | `-- statuses@1.2.1
125 silly idealTree +-- setprototypeof@1.0.1
125 silly idealTree +-- sliced@1.0.1
125 silly idealTree +-- source-map@0.4.4
125 silly idealTree +-- statuses@1.3.0
125 silly idealTree +-- string_decoder@0.10.31
125 silly idealTree +-- transformers@2.1.0
125 silly idealTree | +-- is-promise@1.0.1
125 silly idealTree | +-- promise@2.0.0
125 silly idealTree | +-- source-map@0.1.43
125 silly idealTree | `-- uglify-js@2.2.5
125 silly idealTree +-- type-is@1.6.13
125 silly idealTree +-- uglify-js@2.6.4
125 silly idealTree | `-- source-map@0.5.6
125 silly idealTree +-- uglify-to-browserify@1.0.2
125 silly idealTree +-- uid-safe@2.0.0
125 silly idealTree +-- unpipe@1.0.0
125 silly idealTree +-- utils-merge@1.0.0
125 silly idealTree +-- vary@1.0.1
125 silly idealTree +-- void-elements@2.0.1
125 silly idealTree +-- window-size@0.1.0
125 silly idealTree +-- with@4.0.3
125 silly idealTree | `-- acorn@1.2.2
125 silly idealTree +-- wordwrap@0.0.3
125 silly idealTree `-- yargs@3.10.0
126 silly generateActionsToTake Starting
127 silly install generateActionsToTake
128 silly generateActionsToTake Finishing
129 silly diffTrees action count 3
130 silly diffTrees add bindings@1.2.1
131 silly diffTrees add nan@2.3.5
132 silly diffTrees add bcrypt@0.8.7
133 silly decomposeActions action count 24
134 silly decomposeActions fetch bindings@1.2.1
135 silly decomposeActions extract bindings@1.2.1
136 silly decomposeActions test bindings@1.2.1
137 silly decomposeActions preinstall bindings@1.2.1
138 silly decomposeActions build bindings@1.2.1
139 silly decomposeActions install bindings@1.2.1
140 silly decomposeActions postinstall bindings@1.2.1
141 silly decomposeActions finalize bindings@1.2.1
142 silly decomposeActions fetch nan@2.3.5
143 silly decomposeActions extract nan@2.3.5
144 silly decomposeActions test nan@2.3.5
145 silly decomposeActions preinstall nan@2.3.5
146 silly decomposeActions build nan@2.3.5
147 silly decomposeActions install nan@2.3.5
148 silly decomposeActions postinstall nan@2.3.5
149 silly decomposeActions finalize nan@2.3.5
150 silly decomposeActions fetch bcrypt@0.8.7
151 silly decomposeActions extract bcrypt@0.8.7
152 silly decomposeActions test bcrypt@0.8.7
153 silly decomposeActions preinstall bcrypt@0.8.7
154 silly decomposeActions build bcrypt@0.8.7
155 silly decomposeActions install bcrypt@0.8.7
156 silly decomposeActions postinstall bcrypt@0.8.7
157 silly decomposeActions finalize bcrypt@0.8.7
158 silly executeActions Starting
159 silly install executeActions
160 silly doSerial global-install 0
161 silly doParallel fetch 3
162 verbose correctMkdir C:\Users\vritser\AppData\Roaming\npm-cache\_locks correctMkdir not in flight; initializing
163 verbose lock using C:\Users\vritser\AppData\Roaming\npm-cache\_locks\staging-1d96a01563257e39.lock for f:\nodejs\express4\node_modules\.staging
164 silly doParallel extract 3
165 silly extract bindings@1.2.1
166 silly extract nan@2.3.5
167 silly extract bcrypt@0.8.7
168 verbose unbuild node_modules\.staging\bindings-f4da5f10
169 verbose unbuild node_modules\.staging\nan-2b8037c9
170 verbose unbuild node_modules\.staging\bcrypt-578fa376
171 silly gentlyRm f:\nodejs\express4\node_modules\.staging\bindings-f4da5f10 is being purged from base f:\nodejs\express4
172 verbose gentlyRm don't care about contents; nuking f:\nodejs\express4\node_modules\.staging\bindings-f4da5f10
173 silly gentlyRm f:\nodejs\express4\node_modules\.staging\nan-2b8037c9 is being purged from base f:\nodejs\express4
174 verbose gentlyRm don't care about contents; nuking f:\nodejs\express4\node_modules\.staging\nan-2b8037c9
175 verbose tar unpack C:\Users\vritser\AppData\Roaming\npm-cache\bindings\1.2.1\package.tgz
176 verbose tar unpacking to f:\nodejs\express4\node_modules\.staging\bindings-f4da5f10
177 silly gentlyRm f:\nodejs\express4\node_modules\.staging\bindings-f4da5f10 is being purged
178 verbose gentlyRm don't care about contents; nuking f:\nodejs\express4\node_modules\.staging\bindings-f4da5f10
179 silly gentlyRm f:\nodejs\express4\node_modules\.staging\bcrypt-578fa376 is being purged from base f:\nodejs\express4
180 verbose gentlyRm don't care about contents; nuking f:\nodejs\express4\node_modules\.staging\bcrypt-578fa376
181 verbose tar unpack C:\Users\vritser\AppData\Roaming\npm-cache\nan\2.3.5\package.tgz
182 verbose tar unpacking to f:\nodejs\express4\node_modules\.staging\nan-2b8037c9
183 silly gentlyRm f:\nodejs\express4\node_modules\.staging\nan-2b8037c9 is being purged
184 verbose gentlyRm don't care about contents; nuking f:\nodejs\express4\node_modules\.staging\nan-2b8037c9
185 silly gunzTarPerm modes [ '777', '666' ]
186 verbose tar unpack C:\Users\vritser\AppData\Roaming\npm-cache\bcrypt\0.8.7\package.tgz
187 verbose tar unpacking to f:\nodejs\express4\node_modules\.staging\bcrypt-578fa376
188 silly gentlyRm f:\nodejs\express4\node_modules\.staging\bcrypt-578fa376 is being purged
189 verbose gentlyRm don't care about contents; nuking f:\nodejs\express4\node_modules\.staging\bcrypt-578fa376
190 silly gunzTarPerm modes [ '777', '666' ]
191 silly gunzTarPerm modes [ '777', '666' ]
192 silly gunzTarPerm extractEntry package.json
193 silly gunzTarPerm modified mode [ 'package.json', 420, 438 ]
194 silly gunzTarPerm extractEntry package.json
195 silly gunzTarPerm modified mode [ 'package.json', 436, 438 ]
196 silly gunzTarPerm extractEntry package.json
197 silly gunzTarPerm modified mode [ 'package.json', 420, 438 ]
198 silly gunzTarPerm extractEntry README.md
199 silly gunzTarPerm modified mode [ 'README.md', 420, 438 ]
200 silly gunzTarPerm extractEntry bindings.js
201 silly gunzTarPerm modified mode [ 'bindings.js', 420, 438 ]
202 silly gunzTarPerm extractEntry README.md
203 silly gunzTarPerm modified mode [ 'README.md', 436, 438 ]
204 silly gunzTarPerm extractEntry include_dirs.js
205 silly gunzTarPerm modified mode [ 'include_dirs.js', 436, 438 ]
206 silly gunzTarPerm extractEntry .npmignore
207 silly gunzTarPerm modified mode [ '.npmignore', 420, 438 ]
208 silly gunzTarPerm extractEntry README.md
209 silly gunzTarPerm modified mode [ 'README.md', 420, 438 ]
210 silly gunzTarPerm extractEntry nan_converters.h
211 silly gunzTarPerm modified mode [ 'nan_converters.h', 436, 438 ]
212 silly gunzTarPerm extractEntry LICENSE.md
213 silly gunzTarPerm modified mode [ 'LICENSE.md', 436, 438 ]
214 silly gunzTarPerm extractEntry doc/node_misc.md
215 silly gunzTarPerm modified mode [ 'doc/node_misc.md', 436, 438 ]
216 silly gunzTarPerm extractEntry LICENSE
217 silly gunzTarPerm modified mode [ 'LICENSE', 420, 438 ]
218 silly gunzTarPerm extractEntry bcrypt.js
219 silly gunzTarPerm modified mode [ 'bcrypt.js', 420, 438 ]
220 silly gunzTarPerm extractEntry Makefile
221 silly gunzTarPerm modified mode [ 'Makefile', 420, 438 ]
222 silly gunzTarPerm extractEntry .travis.yml
223 silly gunzTarPerm modified mode [ '.travis.yml', 420, 438 ]
224 silly gunzTarPerm extractEntry CHANGELOG.md
225 silly gunzTarPerm modified mode [ 'CHANGELOG.md', 420, 438 ]
226 silly gunzTarPerm extractEntry binding.gyp
227 silly gunzTarPerm modified mode [ 'binding.gyp', 420, 438 ]
228 silly gunzTarPerm extractEntry examples/async_compare.js
229 silly gunzTarPerm modified mode [ 'examples/async_compare.js', 420, 438 ]
230 silly gunzTarPerm extractEntry examples/forever_gen_salt.js
231 silly gunzTarPerm modified mode [ 'examples/forever_gen_salt.js', 420, 438 ]
232 silly gunzTarPerm extractEntry test/async.js
233 silly gunzTarPerm modified mode [ 'test/async.js', 420, 438 ]
234 silly gunzTarPerm extractEntry test/repetitions.js
235 silly gunzTarPerm modified mode [ 'test/repetitions.js', 420, 438 ]
236 silly gunzTarPerm extractEntry test/sync.js
237 silly gunzTarPerm modified mode [ 'test/sync.js', 420, 438 ]
238 silly gunzTarPerm extractEntry ISSUE_TEMPLATE.md
239 silly gunzTarPerm modified mode [ 'ISSUE_TEMPLATE.md', 420, 438 ]
240 silly gunzTarPerm extractEntry src/bcrypt.cc
241 silly gunzTarPerm modified mode [ 'src/bcrypt.cc', 420, 438 ]
242 silly gunzTarPerm extractEntry src/bcrypt_node.cc
243 silly gunzTarPerm modified mode [ 'src/bcrypt_node.cc', 420, 438 ]
244 silly gunzTarPerm extractEntry src/blowfish.cc
245 silly gunzTarPerm modified mode [ 'src/blowfish.cc', 420, 438 ]
246 silly gunzTarPerm extractEntry src/node_blf.h
247 silly gunzTarPerm modified mode [ 'src/node_blf.h', 420, 438 ]
248 silly gunzTarPerm extractEntry werker.yml
249 silly gunzTarPerm modified mode [ 'werker.yml', 420, 438 ]
250 silly gunzTarPerm extractEntry doc/asyncworker.md
251 silly gunzTarPerm modified mode [ 'doc/asyncworker.md', 436, 438 ]
252 silly gunzTarPerm extractEntry doc/callback.md
253 silly gunzTarPerm modified mode [ 'doc/callback.md', 436, 438 ]
254 silly gunzTarPerm extractEntry doc/converters.md
255 silly gunzTarPerm modified mode [ 'doc/converters.md', 436, 438 ]
256 silly gunzTarPerm extractEntry doc/errors.md
257 silly gunzTarPerm modified mode [ 'doc/errors.md', 436, 438 ]
258 silly gunzTarPerm extractEntry doc/maybe_types.md
259 silly gunzTarPerm modified mode [ 'doc/maybe_types.md', 436, 438 ]
260 silly gentlyRm f:\nodejs\express4\node_modules\.staging\bindings-f4da5f10\node_modules is being purged
261 verbose gentlyRm don't care about contents; nuking f:\nodejs\express4\node_modules\.staging\bindings-f4da5f10\node_modules
262 silly gunzTarPerm extractEntry doc/methods.md
263 silly gunzTarPerm modified mode [ 'doc/methods.md', 436, 438 ]
264 silly gunzTarPerm extractEntry doc/new.md
265 silly gunzTarPerm modified mode [ 'doc/new.md', 436, 438 ]
266 silly gunzTarPerm extractEntry doc/buffers.md
267 silly gunzTarPerm modified mode [ 'doc/buffers.md', 436, 438 ]
268 silly gunzTarPerm extractEntry doc/object_wrappers.md
269 silly gunzTarPerm modified mode [ 'doc/object_wrappers.md', 436, 438 ]
270 silly gunzTarPerm extractEntry doc/persistent.md
271 silly gunzTarPerm modified mode [ 'doc/persistent.md', 436, 438 ]
272 silly gunzTarPerm extractEntry doc/scopes.md
273 silly gunzTarPerm modified mode [ 'doc/scopes.md', 436, 438 ]
274 silly gunzTarPerm extractEntry doc/script.md
275 silly gunzTarPerm modified mode [ 'doc/script.md', 436, 438 ]
276 silly gunzTarPerm extractEntry doc/string_bytes.md
277 silly gunzTarPerm modified mode [ 'doc/string_bytes.md', 436, 438 ]
278 silly gunzTarPerm extractEntry doc/v8_internals.md
279 silly gunzTarPerm modified mode [ 'doc/v8_internals.md', 436, 438 ]
280 silly gunzTarPerm extractEntry doc/v8_misc.md
281 silly gunzTarPerm modified mode [ 'doc/v8_misc.md', 436, 438 ]
282 silly gunzTarPerm extractEntry nan.h
283 silly gunzTarPerm modified mode [ 'nan.h', 436, 438 ]
284 silly gunzTarPerm extractEntry nan_callbacks.h
285 silly gunzTarPerm modified mode [ 'nan_callbacks.h', 436, 438 ]
286 silly gunzTarPerm extractEntry nan_callbacks_12_inl.h
287 silly gunzTarPerm modified mode [ 'nan_callbacks_12_inl.h', 436, 438 ]
288 silly gunzTarPerm extractEntry nan_callbacks_pre_12_inl.h
289 silly gunzTarPerm modified mode [ 'nan_callbacks_pre_12_inl.h', 436, 438 ]
290 silly gunzTarPerm extractEntry nan_converters_43_inl.h
291 silly gunzTarPerm modified mode [ 'nan_converters_43_inl.h', 436, 438 ]
292 silly gunzTarPerm extractEntry nan_converters_pre_43_inl.h
293 silly gunzTarPerm modified mode [ 'nan_converters_pre_43_inl.h', 436, 438 ]
294 silly gunzTarPerm extractEntry nan_implementation_12_inl.h
295 silly gunzTarPerm modified mode [ 'nan_implementation_12_inl.h', 436, 438 ]
296 silly gunzTarPerm extractEntry nan_implementation_pre_12_inl.h
297 silly gunzTarPerm modified mode [ 'nan_implementation_pre_12_inl.h', 436, 438 ]
298 silly gunzTarPerm extractEntry nan_maybe_43_inl.h
299 silly gunzTarPerm modified mode [ 'nan_maybe_43_inl.h', 436, 438 ]
300 silly gunzTarPerm extractEntry nan_maybe_pre_43_inl.h
301 silly gunzTarPerm modified mode [ 'nan_maybe_pre_43_inl.h', 436, 438 ]
302 silly gunzTarPerm extractEntry nan_new.h
303 silly gunzTarPerm modified mode [ 'nan_new.h', 436, 438 ]
304 silly gunzTarPerm extractEntry nan_object_wrap.h
305 silly gunzTarPerm modified mode [ 'nan_object_wrap.h', 436, 438 ]
306 silly gunzTarPerm extractEntry nan_persistent_12_inl.h
307 silly gunzTarPerm modified mode [ 'nan_persistent_12_inl.h', 436, 438 ]
308 silly gunzTarPerm extractEntry nan_persistent_pre_12_inl.h
309 silly gunzTarPerm modified mode [ 'nan_persistent_pre_12_inl.h', 436, 438 ]
310 silly gunzTarPerm extractEntry nan_string_bytes.h
311 silly gunzTarPerm modified mode [ 'nan_string_bytes.h', 436, 438 ]
312 silly gunzTarPerm extractEntry nan_typedarray_contents.h
313 silly gunzTarPerm modified mode [ 'nan_typedarray_contents.h', 436, 438 ]
314 silly gunzTarPerm extractEntry nan_weak.h
315 silly gunzTarPerm modified mode [ 'nan_weak.h', 436, 438 ]
316 silly gunzTarPerm extractEntry CHANGELOG.md
317 silly gunzTarPerm modified mode [ 'CHANGELOG.md', 436, 438 ]
318 silly gunzTarPerm extractEntry tools/package.json
319 silly gunzTarPerm modified mode [ 'tools/package.json', 436, 438 ]
320 silly gunzTarPerm extractEntry tools/README.md
321 silly gunzTarPerm modified mode [ 'tools/README.md', 436, 438 ]
322 silly gunzTarPerm extractEntry tools/1to2.js
323 silly gunzTarPerm modified mode [ 'tools/1to2.js', 509, 511 ]
324 silly gentlyRm f:\nodejs\express4\node_modules\.staging\bcrypt-578fa376\node_modules is being purged
325 verbose gentlyRm don't care about contents; nuking f:\nodejs\express4\node_modules\.staging\bcrypt-578fa376\node_modules
326 silly gentlyRm f:\nodejs\express4\node_modules\.staging\nan-2b8037c9\node_modules is being purged
327 verbose gentlyRm don't care about contents; nuking f:\nodejs\express4\node_modules\.staging\nan-2b8037c9\node_modules
328 silly doParallel preinstall 3
329 silly preinstall bindings@1.2.1 f:\nodejs\express4\node_modules\.staging\bindings-f4da5f10
330 info lifecycle bindings@1.2.1~preinstall: bindings@1.2.1
331 silly preinstall nan@2.3.5 f:\nodejs\express4\node_modules\.staging\nan-2b8037c9
332 info lifecycle nan@2.3.5~preinstall: nan@2.3.5
333 silly preinstall bcrypt@0.8.7 f:\nodejs\express4\node_modules\.staging\bcrypt-578fa376
334 info lifecycle bcrypt@0.8.7~preinstall: bcrypt@0.8.7
335 silly lifecycle bindings@1.2.1~preinstall: no script for preinstall, continuing
336 silly lifecycle nan@2.3.5~preinstall: no script for preinstall, continuing
337 silly lifecycle bcrypt@0.8.7~preinstall: no script for preinstall, continuing
338 silly doReverseSerial remove 0
339 silly doSerial move 0
340 silly doSerial finalize 3
341 silly finalize f:\nodejs\express4\node_modules\bindings
342 silly finalize f:\nodejs\express4\node_modules\nan
343 silly finalize f:\nodejs\express4\node_modules\bcrypt
344 silly doSerial build 3
345 silly build bindings@1.2.1
346 info linkStuff bindings@1.2.1
347 silly linkStuff bindings@1.2.1 has f:\nodejs\express4\node_modules as its parent node_modules
348 verbose linkBins bindings@1.2.1
349 verbose linkMans bindings@1.2.1
350 silly build nan@2.3.5
351 info linkStuff nan@2.3.5
352 silly linkStuff nan@2.3.5 has f:\nodejs\express4\node_modules as its parent node_modules
353 verbose linkBins nan@2.3.5
354 verbose linkMans nan@2.3.5
355 silly build bcrypt@0.8.7
356 info linkStuff bcrypt@0.8.7
357 silly linkStuff bcrypt@0.8.7 has f:\nodejs\express4\node_modules as its parent node_modules
358 verbose linkBins bcrypt@0.8.7
359 verbose linkMans bcrypt@0.8.7
360 silly doSerial global-link 0
361 silly doParallel update-linked 0
362 silly doSerial install 3
363 silly install bindings@1.2.1 f:\nodejs\express4\node_modules\.staging\bindings-f4da5f10
364 info lifecycle bindings@1.2.1~install: bindings@1.2.1
365 silly lifecycle bindings@1.2.1~install: no script for install, continuing
366 silly install nan@2.3.5 f:\nodejs\express4\node_modules\.staging\nan-2b8037c9
367 info lifecycle nan@2.3.5~install: nan@2.3.5
368 silly lifecycle nan@2.3.5~install: no script for install, continuing
369 silly install bcrypt@0.8.7 f:\nodejs\express4\node_modules\.staging\bcrypt-578fa376
370 info lifecycle bcrypt@0.8.7~install: bcrypt@0.8.7
371 verbose lifecycle bcrypt@0.8.7~install: unsafe-perm in lifecycle true
372 verbose lifecycle bcrypt@0.8.7~install: PATH: G:\SoftWare\NodeJs\node_modules\npm\bin\node-gyp-bin;f:\nodejs\express4\node_modules\bcrypt\node_modules\.bin;f:\nodejs\express4\node_modules\.bin;G:\SoftWare\NodeJs;C:\WINDOWS\system32;C:\WINDOWS;C:\WINDOWS\System32\Wbem;C:\WINDOWS\System32\WindowsPowerShell\v1.0\;C:\Program Files (x86)\Windows Kits\8.1\Windows Performance Toolkit\;C:\Program Files\Microsoft SQL Server\110\Tools\Binn\;C:\Program Files\Microsoft SQL Server\110\DTS\Binn\;C:\Program Files (x86)\Microsoft SQL Server\110\Tools\Binn\;C:\Program Files (x86)\Microsoft SQL Server\110\Tools\Binn\ManagementStudio\;C:\Program Files (x86)\Microsoft Visual Studio 10.0\Common7\IDE\PrivateAssemblies\;C:\Program Files (x86)\Microsoft SQL Server\110\DTS\Binn\;C:\Program Files\Java\jdk1.7.0_25\bin;C:\Program Files (x86)\Microsoft SDKs\TypeScript\1.0\;C:\Program Files\Microsoft SQL Server\120\Tools\Binn\;F:\MongoDB\bin;G:\SoftWare\Git\cmd;G:\SoftWare\NodeJs\;G:\SoftWare\Microsoft VS Code\bin;C:\Users\vritser\AppData\Roaming\npm
373 verbose lifecycle bcrypt@0.8.7~install: CWD: f:\nodejs\express4\node_modules\bcrypt
374 silly lifecycle bcrypt@0.8.7~install: Args: [ '/d /s /c', 'node-gyp rebuild' ]
375 silly lifecycle bcrypt@0.8.7~install: Returned: code: 1  signal: null
376 info lifecycle bcrypt@0.8.7~install: Failed to exec install script
377 verbose unlock done using C:\Users\vritser\AppData\Roaming\npm-cache\_locks\staging-1d96a01563257e39.lock for f:\nodejs\express4\node_modules\.staging
378 silly rollbackFailedOptional Starting
379 silly rollbackFailedOptional Finishing
380 silly runTopLevelLifecycles Starting
381 silly runTopLevelLifecycles Finishing
382 silly install printInstalled
383 verbose stack Error: bcrypt@0.8.7 install: `node-gyp rebuild`
383 verbose stack Exit status 1
383 verbose stack     at EventEmitter.<anonymous> (G:\SoftWare\NodeJs\node_modules\npm\lib\utils\lifecycle.js:245:16)
383 verbose stack     at emitTwo (events.js:106:13)
383 verbose stack     at EventEmitter.emit (events.js:191:7)
383 verbose stack     at ChildProcess.<anonymous> (G:\SoftWare\NodeJs\node_modules\npm\lib\utils\spawn.js:24:14)
383 verbose stack     at emitTwo (events.js:106:13)
383 verbose stack     at ChildProcess.emit (events.js:191:7)
383 verbose stack     at maybeClose (internal/child_process.js:850:16)
383 verbose stack     at Process.ChildProcess._handle.onexit (internal/child_process.js:215:5)
384 verbose pkgid bcrypt@0.8.7
385 verbose cwd f:\nodejs\express4\bin
386 error Windows_NT 10.0.10586
387 error argv "G:\\SoftWare\\NodeJs\\node.exe" "G:\\SoftWare\\NodeJs\\node_modules\\npm\\bin\\npm-cli.js" "install" "bcrypt" "--save"
388 error node v6.2.0
389 error npm  v3.8.9
390 error code ELIFECYCLE
391 error bcrypt@0.8.7 install: `node-gyp rebuild`
391 error Exit status 1
392 error Failed at the bcrypt@0.8.7 install script 'node-gyp rebuild'.
392 error Make sure you have the latest version of node.js and npm installed.
392 error If you do, this is most likely a problem with the bcrypt package,
392 error not with npm itself.
392 error Tell the author that this fails on your system:
392 error     node-gyp rebuild
392 error You can get information on how to open an issue for this project with:
392 error     npm bugs bcrypt
392 error Or if that isn't available, you can get their info via:
392 error     npm owner ls bcrypt
392 error There is likely additional logging output above.
393 verbose exit [ 1, true ]
